<?xml version="1.0" encoding="utf-8"?><testsuites name="pytest tests"><testsuite name="pytest" errors="0" failures="0" skipped="0" tests="7" time="2.669" timestamp="2026-09-25T09:37:55.197354+00:00" hostname="agent-env-4a3a4723-0098-4b03-8385-e2ec47a20e0e"><testcase classname="tests.test_hutang_piutang_sync.TestPurchasePayableSync" name="test_full_flow" time="1.438" /><testcase classname="tests.test_hutang_piutang_sync.TestReports" name="test_profit_loss_fields" time="0.078" /><testcase classname="tests.test_hutang_piutang_sync.TestReports" name="test_monthly_fields" time="0.068" /><testcase classname="tests.test_hutang_piutang_sync.TestReports" name="test_profit_loss_pdf" time="0.204" /><testcase classname="tests.test_hutang_piutang_sync.TestReports" name="test_monthly_pdf" time="0.080" /><testcase classname="tests.test_hutang_piutang_sync.TestReceivableRegression" name="test_pay_receivable" time="0.503" /><testcase classname="tests.test_hutang_piutang_sync.TestReconcileEndpoint" name="test_reconcile_fixes_desync" time="0.215" /></testsuite></testsuites>