<?xml version="1.0" encoding="utf-8"?><testsuites name="pytest tests"><testsuite name="pytest" errors="0" failures="0" skipped="0" tests="27" time="7.660" timestamp="2026-08-28T13:11:25.868129+00:00" hostname="agent-env-e55bcd85-6ac1-41cb-bb9e-39c565c88274"><testcase classname="tests.backend_test.TestAuth" name="test_login_all_roles" time="1.505" /><testcase classname="tests.backend_test.TestAuth" name="test_login_wrong_password" time="0.337" /><testcase classname="tests.backend_test.TestAuth" name="test_me" time="0.154" /><testcase classname="tests.backend_test.TestRBAC" name="test_kasir_cannot_dashboard" time="0.136" /><testcase classname="tests.backend_test.TestRBAC" name="test_kasir_cannot_expenses" time="0.149" /><testcase classname="tests.backend_test.TestRBAC" name="test_operator_cannot_sales_create" time="0.112" /><testcase classname="tests.backend_test.TestRBAC" name="test_operator_can_slaughter_list" time="0.113" /><testcase classname="tests.backend_test.TestRBAC" name="test_owner_only_target_set" time="0.156" /><testcase classname="tests.backend_test.TestDashboard" name="test_dashboard_shape" time="0.145" /><testcase classname="tests.backend_test.TestDashboard" name="test_dashboard_has_demo_data" time="0.156" /><testcase classname="tests.backend_test.TestSaleFlow" name="test_products_exist" time="0.113" /><testcase classname="tests.backend_test.TestSaleFlow" name="test_create_sale_and_stock_decrement" time="0.441" /><testcase classname="tests.backend_test.TestSaleFlow" name="test_insufficient_stock" time="0.144" /><testcase classname="tests.backend_test.TestSaleFlow" name="test_cancel_sale_restores_stock" time="0.305" /><testcase classname="tests.backend_test.TestSaleFlow" name="test_kasir_cannot_cancel" time="0.307" /><testcase classname="tests.backend_test.TestOperations" name="test_create_purchase" time="0.440" /><testcase classname="tests.backend_test.TestOperations" name="test_paha_ayam_product_exists" time="0.000" /><testcase classname="tests.backend_test.TestOperations" name="test_sale_pcs_unit_decrements_pcs_stock" time="0.374" /><testcase classname="tests.backend_test.TestOperations" name="test_create_slaughter" time="0.191" /><testcase classname="tests.backend_test.TestOperations" name="test_slaughter_carcass_exceeds_live" time="0.158" /><testcase classname="tests.backend_test.TestCRUD" name="test_customer_crud" time="0.377" /><testcase classname="tests.backend_test.TestCRUD" name="test_supplier_crud" time="0.264" /><testcase classname="tests.backend_test.TestMisc" name="test_target_set_and_get" time="0.324" /><testcase classname="tests.backend_test.TestMisc" name="test_settings_toggle" time="0.400" /><testcase classname="tests.backend_test.TestMisc" name="test_reports" time="0.477" /><testcase classname="tests.backend_test.TestMisc" name="test_audit_log" time="0.171" /><testcase classname="tests.backend_test.TestMisc" name="test_activities" time="0.140" /></testsuite></testsuites>