<?xml version="1.0" encoding="utf-8"?><testsuites name="pytest tests"><testsuite name="pytest" errors="0" failures="0" skipped="0" tests="25" time="6.893" timestamp="2026-08-26T14:12:46.880674+00:00" hostname="agent-env-e55bcd85-6ac1-41cb-bb9e-39c565c88274"><testcase classname="tests.backend_test.TestRBAC" name="test_kasir_cannot_dashboard" time="2.475" /><testcase classname="tests.backend_test.TestRBAC" name="test_kasir_cannot_expenses" time="0.236" /><testcase classname="tests.backend_test.TestSaleFlow" name="test_products_exist" time="2.606" /><testcase classname="tests.backend_test.TestSaleFlow" name="test_create_sale_and_stock_decrement" time="0.477" /><testcase classname="tests.backend_test.TestRBAC" name="test_operator_cannot_sales_create" time="0.151" /><testcase classname="tests.backend_test.TestRBAC" name="test_operator_can_slaughter_list" time="0.285" /><testcase classname="tests.backend_test.TestSaleFlow" name="test_insufficient_stock" time="0.175" /><testcase classname="tests.backend_test.TestRBAC" name="test_owner_only_target_set" time="0.155" /><testcase classname="tests.backend_test.TestSaleFlow" name="test_cancel_sale_restores_stock" time="0.336" /><testcase classname="tests.backend_test.TestMisc" name="test_target_set_and_get" time="0.322" /><testcase classname="tests.backend_test.TestSaleFlow" name="test_kasir_cannot_cancel" time="0.423" /><testcase classname="tests.backend_test.TestMisc" name="test_settings_toggle" time="0.508" /><testcase classname="tests.backend_test.TestAuth" name="test_login_all_roles" time="0.000" /><testcase classname="tests.backend_test.TestAuth" name="test_login_wrong_password" time="0.433" /><testcase classname="tests.backend_test.TestMisc" name="test_reports" time="0.708" /><testcase classname="tests.backend_test.TestAuth" name="test_me" time="0.168" /><testcase classname="tests.backend_test.TestOperations" name="test_create_purchase" time="0.504" /><testcase classname="tests.backend_test.TestMisc" name="test_audit_log" time="0.173" /><testcase classname="tests.backend_test.TestMisc" name="test_activities" time="0.169" /><testcase classname="tests.backend_test.TestOperations" name="test_create_slaughter" time="0.160" /><testcase classname="tests.backend_test.TestDashboard" name="test_dashboard_shape" time="0.185" /><testcase classname="tests.backend_test.TestOperations" name="test_slaughter_carcass_exceeds_live" time="0.163" /><testcase classname="tests.backend_test.TestDashboard" name="test_dashboard_has_demo_data" time="0.171" /><testcase classname="tests.backend_test.TestCRUD" name="test_customer_crud" time="0.480" /><testcase classname="tests.backend_test.TestCRUD" name="test_supplier_crud" time="0.301" /></testsuite></testsuites>