<?xml version="1.0" encoding="utf-8"?><testsuites name="pytest tests"><testsuite name="pytest" errors="0" failures="0" skipped="0" tests="24" time="4.281" timestamp="2026-09-25T09:10:46.099588+00:00" hostname="agent-env-4a3a4723-0098-4b03-8385-e2ec47a20e0e"><testcase classname="tests.test_smoke_clone.TestAuth" name="test_login_owner" time="0.667" /><testcase classname="tests.test_smoke_clone.TestAuth" name="test_login_admin" time="0.332" /><testcase classname="tests.test_smoke_clone.TestKeyEndpoints" name="test_get_ok[/products]" time="1.003" /><testcase classname="tests.test_smoke_clone.TestAuth" name="test_login_kasir" time="0.345" /><testcase classname="tests.test_smoke_clone.TestKeyEndpoints" name="test_get_ok[/customers]" time="0.344" /><testcase classname="tests.test_smoke_clone.TestAuth" name="test_login_operator" time="0.351" /><testcase classname="tests.test_smoke_clone.TestKeyEndpoints" name="test_get_ok[/suppliers]" time="0.351" /><testcase classname="tests.test_smoke_clone.TestAuth" name="test_login_wrong_password" time="0.337" /><testcase classname="tests.test_smoke_clone.TestKeyEndpoints" name="test_get_ok[/sales]" time="0.351" /><testcase classname="tests.test_smoke_clone.TestKeyEndpoints" name="test_get_ok[/stock-movements]" time="0.322" /><testcase classname="tests.test_smoke_clone.TestRBAC" name="test_kasir_forbidden_users" time="0.458" /><testcase classname="tests.test_smoke_clone.TestKeyEndpoints" name="test_get_ok[/dashboard]" time="0.121" /><testcase classname="tests.test_smoke_clone.TestRBAC" name="test_kasir_forbidden_settings_update" time="0.116" /><testcase classname="tests.test_smoke_clone.TestKeyEndpoints" name="test_get_ok[/reports/profit-loss]" time="0.181" /><testcase classname="tests.test_smoke_clone.TestRBAC" name="test_kasir_forbidden_daily_closing" time="0.117" /><testcase classname="tests.test_smoke_clone.TestKeyEndpoints" name="test_get_ok[/reports/sales]" time="0.190" /><testcase classname="tests.test_smoke_clone.TestKeyEndpoints" name="test_get_ok[/reports/stock]" time="0.218" /><testcase classname="tests.test_smoke_clone.TestPDF" name="test_profit_loss_pdf" time="0.483" /><testcase classname="tests.test_smoke_clone.TestKeyEndpoints" name="test_get_ok[/notifications]" time="0.124" /><testcase classname="tests.test_smoke_clone.TestPOSSale" name="test_cash_sale_flow" time="0.450" /><testcase classname="tests.test_smoke_clone.TestKeyEndpoints" name="test_get_ok[/settings]" time="0.116" /><testcase classname="tests.test_smoke_clone.TestKeyEndpoints" name="test_get_ok[/storage/status]" time="0.109" /><testcase classname="tests.test_smoke_clone.TestKeyEndpoints" name="test_whatsapp_status_no_crash" time="0.173" /><testcase classname="tests.test_smoke_clone.TestUpload" name="test_upload_rejected_gracefully" time="0.113" /></testsuite></testsuites>